0 info it worked if it ends with ok
1 verbose cli [ 'C:\\Program Files\\nodejs\\\\node.exe',
1 verbose cli   'C:\\Program Files\\nodejs\\node_modules\\npm\\bin\\npm-cli.js',
1 verbose cli   'install',
1 verbose cli   'node-semver',
1 verbose cli   '--save' ]
2 info using npm@1.4.28
3 info using node@v0.10.36
4 verbose node symlink C:\Program Files\nodejs\\node.exe
5 verbose readDependencies using package.json deps
6 verbose cache add [ 'node-semver', null ]
7 verbose cache add name=undefined spec="node-semver" args=["node-semver",null]
8 verbose parsed url { protocol: null,
8 verbose parsed url   slashes: null,
8 verbose parsed url   auth: null,
8 verbose parsed url   host: null,
8 verbose parsed url   port: null,
8 verbose parsed url   hostname: null,
8 verbose parsed url   hash: null,
8 verbose parsed url   search: null,
8 verbose parsed url   query: null,
8 verbose parsed url   pathname: 'node-semver',
8 verbose parsed url   path: 'node-semver',
8 verbose parsed url   href: 'node-semver' }
9 silly lockFile 195b72fb-node-semver node-semver
10 verbose lock node-semver C:\Users\chrisjones.SPONGE\AppData\Roaming\npm-cache\195b72fb-node-semver.lock
11 silly lockFile 195b72fb-node-semver node-semver
12 silly lockFile 195b72fb-node-semver node-semver
13 verbose addNamed [ 'node-semver', '' ]
14 verbose addNamed [ null, '*' ]
15 silly lockFile 44ab079e-node-semver node-semver@
16 verbose lock node-semver@ C:\Users\chrisjones.SPONGE\AppData\Roaming\npm-cache\44ab079e-node-semver.lock
17 silly addNameRange { name: 'node-semver', range: '*', hasData: false }
18 verbose request where is /node-semver
19 verbose request registry https://registry.npmjs.org/
20 verbose request id 388075462e91c6b9
21 verbose url raw /node-semver
22 verbose url resolving [ 'https://registry.npmjs.org/', './node-semver' ]
23 verbose url resolved https://registry.npmjs.org/node-semver
24 verbose request where is https://registry.npmjs.org/node-semver
25 info trying registry request attempt 1 at 12:54:14
26 http GET https://registry.npmjs.org/node-semver
27 http 404 https://registry.npmjs.org/node-semver
28 verbose headers { server: 'CouchDB/1.5.0 (Erlang OTP/R16B03)',
28 verbose headers   'content-type': 'application/json',
28 verbose headers   'cache-control': 'max-age=0',
28 verbose headers   'content-length': '51',
28 verbose headers   'accept-ranges': 'bytes',
28 verbose headers   date: 'Fri, 01 May 2015 11:54:15 GMT',
28 verbose headers   via: '1.1 varnish',
28 verbose headers   age: '0',
28 verbose headers   connection: 'keep-alive',
28 verbose headers   'x-served-by': 'cache-lhr6329-LHR',
28 verbose headers   'x-cache': 'MISS',
28 verbose headers   'x-cache-hits': '0',
28 verbose headers   'x-timer': 'S1430481254.814702,VS0,VE362' }
29 silly registry.get cb [ 404,
29 silly registry.get   { server: 'CouchDB/1.5.0 (Erlang OTP/R16B03)',
29 silly registry.get     'content-type': 'application/json',
29 silly registry.get     'cache-control': 'max-age=0',
29 silly registry.get     'content-length': '51',
29 silly registry.get     'accept-ranges': 'bytes',
29 silly registry.get     date: 'Fri, 01 May 2015 11:54:15 GMT',
29 silly registry.get     via: '1.1 varnish',
29 silly registry.get     age: '0',
29 silly registry.get     connection: 'keep-alive',
29 silly registry.get     'x-served-by': 'cache-lhr6329-LHR',
29 silly registry.get     'x-cache': 'MISS',
29 silly registry.get     'x-cache-hits': '0',
29 silly registry.get     'x-timer': 'S1430481254.814702,VS0,VE362' } ]
30 silly lockFile 44ab079e-node-semver node-semver@
31 silly lockFile 44ab079e-node-semver node-semver@
32 error 404 404 Not Found: node-semver
32 error 404
32 error 404 'node-semver' is not in the npm registry.
32 error 404 You should bug the author to publish it
32 error 404 It was specified as a dependency of 'adapt-cli'
32 error 404
32 error 404 Maybe try 'npm search semver'
32 error 404
32 error 404 Note that you can also install from a
32 error 404 tarball, folder, or http url, or git url.
33 error System Windows_NT 6.1.7601
34 error command "C:\\Program Files\\nodejs\\\\node.exe" "C:\\Program Files\\nodejs\\node_modules\\npm\\bin\\npm-cli.js" "install" "node-semver" "--save"
35 error cwd C:\Users\chrisjones.SPONGE\Projects\adapt-cli
36 error node -v v0.10.36
37 error npm -v 1.4.28
38 error code E404
39 verbose exit [ 1, true ]
